<?xml version="1.0" encoding="UTF-8"?>
<testng-results skipped="0" failed="0" total="1" passed="1">
  <reporter-output>
  </reporter-output>
  <suite name="Default suite" duration-ms="31380" started-at="2013-07-11T07:51:46Z" finished-at="2013-07-11T07:52:18Z">
    <groups>
    </groups>
    <test name="Default test" duration-ms="31380" started-at="2013-07-11T07:51:46Z" finished-at="2013-07-11T07:52:18Z">
      <class name="tests.AppTest">
        <test-method status="PASS" signature="setUp()[pri:0, instance:tests.AppTest@11c7295]" name="setUp" is-config="true" duration-ms="7770" started-at="2013-07-11T10:51:46Z" finished-at="2013-07-11T10:51:54Z">
          <reporter-output>
          </reporter-output>
        </test-method> <!-- setUp -->
        <test-method status="PASS" signature="test()[pri:0, instance:tests.AppTest@11c7295]" name="test" duration-ms="23320" started-at="2013-07-11T10:51:54Z" finished-at="2013-07-11T10:52:17Z">
          <reporter-output>
          </reporter-output>
        </test-method> <!-- test -->
        <test-method status="PASS" signature="tearDown()[pri:0, instance:tests.AppTest@11c7295]" name="tearDown" is-config="true" duration-ms="277" started-at="2013-07-11T10:52:17Z" finished-at="2013-07-11T10:52:18Z">
          <reporter-output>
          </reporter-output>
        </test-method> <!-- tearDown -->
      </class> <!-- tests.AppTest -->
    </test> <!-- Default test -->
  </suite> <!-- Default suite -->
</testng-results>
